<?xml version="1.0" encoding="UTF-8"?>
<!-- Generated by org.testng.reporters.JUnitXMLReporter -->
<testsuite ignored="0" hostname="Efsanas-MBP.lan" failures="1" tests="2" name="Test" time="25.744" errors="0" timestamp="2023-11-07T21:17:26 EST">
  <testcase classname="testCases.TC_001_AccountRegistrationTest" name="test_account_Registration" time="2.333"/>
  <testcase classname="testCases.TC_002_LoginTest" name="Test_Login" time="11.405">
    <failure type="java.lang.AssertionError" message="expected [true] but found [false]">
      <![CDATA[java.lang.AssertionError: expected [true] but found [false]
at testCases.TC_002_LoginTest.Test_Login(TC_002_LoginTest.java:32)
at java.base/java.util.ArrayList.forEach(ArrayList.java:1511)
... Removed 34 stack frames]]>
    </failure>
  </testcase> <!-- Test_Login -->
</testsuite> <!-- Test -->
